<?xml version="1.0" encoding="UTF-8"?>
<!-- Generated by org.testng.reporters.JUnitReportReporter -->
<testsuite hostname="DESKTOP-U8B8APG" failures="0" tests="1" name="Testngdemo.datadriventestng" time="12.114" errors="0" timestamp="2025-02-04T18:36:14 IST" skipped="0">
  <testcase classname="Testngdemo.datadriventestng" name="login" time="12.114"/>
</testsuite> <!-- Testngdemo.datadriventestng -->
