<?xml version="1.0" encoding="UTF-8"?>
<!-- Generated by org.testng.reporters.JUnitReportReporter -->
<testsuite hostname="DESKTOP-U8B8APG" failures="0" tests="4" name="Testngdemo.Orangehrm" time="9.415" errors="0" timestamp="2025-02-03T17:00:05 IST" skipped="0">
  <testcase classname="Testngdemo.Orangehrm" name="openapp" time="6.982"/>
  <testcase classname="Testngdemo.Orangehrm" name="logodisplya" time="2.054"/>
  <testcase classname="Testngdemo.Orangehrm" name="login" time="0.241"/>
  <testcase classname="Testngdemo.Orangehrm" name="close" time="0.138"/>
</testsuite> <!-- Testngdemo.Orangehrm -->
