<?xml version="1.0" encoding="UTF-8"?>
<!-- Generated by org.testng.reporters.JUnitReportReporter -->
<testsuite hostname="DESKTOP-U8B8APG" failures="0" tests="7" name="Amazonseach.UsingdataProvider" time="60.260" errors="0" timestamp="2025-02-11T19:56:29 IST" skipped="0">
  <testcase classname="Amazonseach.UsingdataProvider" name="testcase1" time="9.445"/>
  <testcase classname="Amazonseach.UsingdataProvider" name="testcase1" time="8.183"/>
  <testcase classname="Amazonseach.UsingdataProvider" name="testcase1" time="8.758"/>
  <testcase classname="Amazonseach.UsingdataProvider" name="testcase1" time="11.202"/>
  <testcase classname="Amazonseach.UsingdataProvider" name="testcase1" time="6.964"/>
  <testcase classname="Amazonseach.UsingdataProvider" name="testcase1" time="8.221"/>
  <testcase classname="Amazonseach.UsingdataProvider" name="testcase1" time="7.487"/>
</testsuite> <!-- Amazonseach.UsingdataProvider -->
