<?xml version="1.0" encoding="UTF-8"?>
<!-- Generated by org.testng.reporters.JUnitReportReporter -->
<testsuite hostname="DESKTOP-U8B8APG" failures="0" tests="4" name="Testngdemo.datadrivenusingTestng" time="40.621" errors="0" timestamp="2025-02-05T18:43:20 IST" skipped="0">
  <testcase classname="Testngdemo.datadrivenusingTestng" name="ninjalogintest" time="9.639"/>
  <testcase classname="Testngdemo.datadrivenusingTestng" name="ninjalogintest" time="9.202"/>
  <testcase classname="Testngdemo.datadrivenusingTestng" name="ninjalogintest" time="10.857"/>
  <testcase classname="Testngdemo.datadrivenusingTestng" name="ninjalogintest" time="10.923"/>
</testsuite> <!-- Testngdemo.datadrivenusingTestng -->
